com.example.demo.DemoApplication-[INFO]- 2024-07-02 06:19:39,459-Starting DemoApplication using Java 17.0.11 with PID 8296 (C:\Users\DELL\Music\Demo_day1-main (1)\Demo_day1-main\06-Spring-Rest_Cart_products_One-to-many\target\classes started by DELL in C:\Users\DELL\Music\Demo_day1-main (1)\Demo_day1-main\06-Spring-Rest_Cart_products_One-to-many)-
com.example.demo.DemoApplication-[INFO]- 2024-07-02 06:19:39,473-No active profile set, falling back to 1 default profile: "default"-
org.springframework.boot.devtools.env.DevToolsPropertyDefaultsPostProcessor-[INFO]- 2024-07-02 06:19:39,565-Devtools property defaults active! Set 'spring.devtools.add-properties' to 'false' to disable-
org.springframework.boot.devtools.env.DevToolsPropertyDefaultsPostProcessor-[INFO]- 2024-07-02 06:19:39,565-For additional web related logging consider setting the 'logging.level.web' property to 'DEBUG'-
org.springframework.data.repository.config.RepositoryConfigurationDelegate-[INFO]- 2024-07-02 06:19:40,607-Bootstrapping Spring Data JPA repositories in DEFAULT mode.-
org.springframework.data.repository.config.RepositoryConfigurationDelegate-[INFO]- 2024-07-02 06:19:40,682-Finished Spring Data repository scanning in 64 ms. Found 2 JPA repository interfaces.-
org.springframework.boot.web.embedded.tomcat.TomcatWebServer-[INFO]- 2024-07-02 06:19:41,344-Tomcat initialized with port 9196 (http)-
org.apache.catalina.core.StandardService-[INFO]- 2024-07-02 06:19:41,362-Starting service [Tomcat]-
org.apache.catalina.core.StandardEngine-[INFO]- 2024-07-02 06:19:41,363-Starting Servlet engine: [Apache Tomcat/10.1.24]-
org.apache.catalina.core.ContainerBase.[Tomcat].[localhost].[/]-[INFO]- 2024-07-02 06:19:41,453-Initializing Spring embedded WebApplicationContext-
org.springframework.boot.web.servlet.context.ServletWebServerApplicationContext-[INFO]- 2024-07-02 06:19:41,455-Root WebApplicationContext: initialization completed in 1889 ms-
org.hibernate.jpa.internal.util.LogHelper-[INFO]- 2024-07-02 06:19:41,674-HHH000204: Processing PersistenceUnitInfo [name: default]-
org.hibernate.Version-[INFO]- 2024-07-02 06:19:41,759-HHH000412: Hibernate ORM core version 6.5.2.Final-
org.hibernate.cache.internal.RegionFactoryInitiator-[INFO]- 2024-07-02 06:19:41,817-HHH000026: Second-level cache disabled-
org.springframework.orm.jpa.persistenceunit.SpringPersistenceUnitInfo-[INFO]- 2024-07-02 06:19:42,224-No LoadTimeWeaver setup: ignoring JPA class transformer-
com.zaxxer.hikari.HikariDataSource-[INFO]- 2024-07-02 06:19:42,278-HikariPool-1 - Starting...-
org.hibernate.engine.jdbc.env.internal.JdbcEnvironmentInitiator-[WARN]- 2024-07-02 06:19:43,660-HHH000342: Could not obtain connection to query metadata-
java.lang.NullPointerException: Cannot invoke "org.hibernate.engine.jdbc.spi.SqlExceptionHelper.convert(java.sql.SQLException, String)" because the return value of "org.hibernate.resource.transaction.backend.jdbc.internal.JdbcIsolationDelegate.sqlExceptionHelper()" is null
	at org.hibernate.resource.transaction.backend.jdbc.internal.JdbcIsolationDelegate.delegateWork(JdbcIsolationDelegate.java:116)
	at org.hibernate.engine.jdbc.env.internal.JdbcEnvironmentInitiator.getJdbcEnvironmentUsingJdbcMetadata(JdbcEnvironmentInitiator.java:290)
	at org.hibernate.engine.jdbc.env.internal.JdbcEnvironmentInitiator.initiateService(JdbcEnvironmentInitiator.java:123)
	at org.hibernate.engine.jdbc.env.internal.JdbcEnvironmentInitiator.initiateService(JdbcEnvironmentInitiator.java:77)
	at org.hibernate.boot.registry.internal.StandardServiceRegistryImpl.initiateService(StandardServiceRegistryImpl.java:130)
	at org.hibernate.service.internal.AbstractServiceRegistryImpl.createService(AbstractServiceRegistryImpl.java:263)
	at org.hibernate.service.internal.AbstractServiceRegistryImpl.initializeService(AbstractServiceRegistryImpl.java:238)
	at org.hibernate.service.internal.AbstractServiceRegistryImpl.getService(AbstractServiceRegistryImpl.java:215)
	at org.hibernate.boot.model.relational.Database.<init>(Database.java:45)
	at org.hibernate.boot.internal.InFlightMetadataCollectorImpl.getDatabase(InFlightMetadataCollectorImpl.java:221)
	at org.hibernate.boot.internal.InFlightMetadataCollectorImpl.<init>(InFlightMetadataCollectorImpl.java:189)
	at org.hibernate.boot.model.process.spi.MetadataBuildingProcess.complete(MetadataBuildingProcess.java:171)
	at org.hibernate.jpa.boot.internal.EntityManagerFactoryBuilderImpl.metadata(EntityManagerFactoryBuilderImpl.java:1431)
	at org.hibernate.jpa.boot.internal.EntityManagerFactoryBuilderImpl.build(EntityManagerFactoryBuilderImpl.java:1502)
	at org.springframework.orm.jpa.vendor.SpringHibernateJpaPersistenceProvider.createContainerEntityManagerFactory(SpringHibernateJpaPersistenceProvider.java:75)
	at org.springframework.orm.jpa.LocalContainerEntityManagerFactoryBean.createNativeEntityManagerFactory(LocalContainerEntityManagerFactoryBean.java:390)
	at org.springframework.orm.jpa.AbstractEntityManagerFactoryBean.buildNativeEntityManagerFactory(AbstractEntityManagerFactoryBean.java:409)
	at org.springframework.orm.jpa.AbstractEntityManagerFactoryBean.afterPropertiesSet(AbstractEntityManagerFactoryBean.java:396)
	at org.springframework.orm.jpa.LocalContainerEntityManagerFactoryBean.afterPropertiesSet(LocalContainerEntityManagerFactoryBean.java:366)
	at org.springframework.beans.factory.support.AbstractAutowireCapableBeanFactory.invokeInitMethods(AbstractAutowireCapableBeanFactory.java:1835)
	at org.springframework.beans.factory.support.AbstractAutowireCapableBeanFactory.initializeBean(AbstractAutowireCapableBeanFactory.java:1784)
	at org.springframework.beans.factory.support.AbstractAutowireCapableBeanFactory.doCreateBean(AbstractAutowireCapableBeanFactory.java:600)
	at org.springframework.beans.factory.support.AbstractAutowireCapableBeanFactory.createBean(AbstractAutowireCapableBeanFactory.java:522)
	at org.springframework.beans.factory.support.AbstractBeanFactory.lambda$doGetBean$0(AbstractBeanFactory.java:337)
	at org.springframework.beans.factory.support.DefaultSingletonBeanRegistry.getSingleton(DefaultSingletonBeanRegistry.java:234)
	at org.springframework.beans.factory.support.AbstractBeanFactory.doGetBean(AbstractBeanFactory.java:335)
	at org.springframework.beans.factory.support.AbstractBeanFactory.getBean(AbstractBeanFactory.java:205)
	at org.springframework.context.support.AbstractApplicationContext.finishBeanFactoryInitialization(AbstractApplicationContext.java:952)
	at org.springframework.context.support.AbstractApplicationContext.refresh(AbstractApplicationContext.java:624)
	at org.springframework.boot.web.servlet.context.ServletWebServerApplicationContext.refresh(ServletWebServerApplicationContext.java:146)
	at org.springframework.boot.SpringApplication.refresh(SpringApplication.java:754)
	at org.springframework.boot.SpringApplication.refreshContext(SpringApplication.java:456)
	at org.springframework.boot.SpringApplication.run(SpringApplication.java:335)
	at org.springframework.boot.SpringApplication.run(SpringApplication.java:1363)
	at org.springframework.boot.SpringApplication.run(SpringApplication.java:1352)
	at com.example.demo.DemoApplication.main(DemoApplication.java:12)
	at java.base/jdk.internal.reflect.NativeMethodAccessorImpl.invoke0(Native Method)
	at java.base/jdk.internal.reflect.NativeMethodAccessorImpl.invoke(NativeMethodAccessorImpl.java:77)
	at java.base/jdk.internal.reflect.DelegatingMethodAccessorImpl.invoke(DelegatingMethodAccessorImpl.java:43)
	at java.base/java.lang.reflect.Method.invoke(Method.java:568)
	at org.springframework.boot.devtools.restart.RestartLauncher.run(RestartLauncher.java:50)
org.springframework.orm.jpa.LocalContainerEntityManagerFactoryBean-[ERROR]- 2024-07-02 06:19:43,666-Failed to initialize JPA EntityManagerFactory: Unable to create requested service [org.hibernate.engine.jdbc.env.spi.JdbcEnvironment] due to: Unable to determine Dialect without JDBC metadata (please set 'jakarta.persistence.jdbc.url' for common cases or 'hibernate.dialect' when a custom Dialect implementation must be provided)-
org.springframework.boot.web.servlet.context.AnnotationConfigServletWebServerApplicationContext-[WARN]- 2024-07-02 06:19:43,667-Exception encountered during context initialization - cancelling refresh attempt: org.springframework.beans.factory.BeanCreationException: Error creating bean with name 'entityManagerFactory' defined in class path resource [org/springframework/boot/autoconfigure/orm/jpa/HibernateJpaConfiguration.class]: Unable to create requested service [org.hibernate.engine.jdbc.env.spi.JdbcEnvironment] due to: Unable to determine Dialect without JDBC metadata (please set 'jakarta.persistence.jdbc.url' for common cases or 'hibernate.dialect' when a custom Dialect implementation must be provided)-
org.apache.catalina.core.StandardService-[INFO]- 2024-07-02 06:19:43,672-Stopping service [Tomcat]-
org.springframework.boot.autoconfigure.logging.ConditionEvaluationReportLogger-[INFO]- 2024-07-02 06:19:43,693-

Error starting ApplicationContext. To display the condition evaluation report re-run your application with 'debug' enabled.-
org.springframework.boot.SpringApplication-[ERROR]- 2024-07-02 06:19:43,726-Application run failed-
org.springframework.beans.factory.BeanCreationException: Error creating bean with name 'entityManagerFactory' defined in class path resource [org/springframework/boot/autoconfigure/orm/jpa/HibernateJpaConfiguration.class]: Unable to create requested service [org.hibernate.engine.jdbc.env.spi.JdbcEnvironment] due to: Unable to determine Dialect without JDBC metadata (please set 'jakarta.persistence.jdbc.url' for common cases or 'hibernate.dialect' when a custom Dialect implementation must be provided)
	at org.springframework.beans.factory.support.AbstractAutowireCapableBeanFactory.initializeBean(AbstractAutowireCapableBeanFactory.java:1788)
	at org.springframework.beans.factory.support.AbstractAutowireCapableBeanFactory.doCreateBean(AbstractAutowireCapableBeanFactory.java:600)
	at org.springframework.beans.factory.support.AbstractAutowireCapableBeanFactory.createBean(AbstractAutowireCapableBeanFactory.java:522)
	at org.springframework.beans.factory.support.AbstractBeanFactory.lambda$doGetBean$0(AbstractBeanFactory.java:337)
	at org.springframework.beans.factory.support.DefaultSingletonBeanRegistry.getSingleton(DefaultSingletonBeanRegistry.java:234)
	at org.springframework.beans.factory.support.AbstractBeanFactory.doGetBean(AbstractBeanFactory.java:335)
	at org.springframework.beans.factory.support.AbstractBeanFactory.getBean(AbstractBeanFactory.java:205)
	at org.springframework.context.support.AbstractApplicationContext.finishBeanFactoryInitialization(AbstractApplicationContext.java:952)
	at org.springframework.context.support.AbstractApplicationContext.refresh(AbstractApplicationContext.java:624)
	at org.springframework.boot.web.servlet.context.ServletWebServerApplicationContext.refresh(ServletWebServerApplicationContext.java:146)
	at org.springframework.boot.SpringApplication.refresh(SpringApplication.java:754)
	at org.springframework.boot.SpringApplication.refreshContext(SpringApplication.java:456)
	at org.springframework.boot.SpringApplication.run(SpringApplication.java:335)
	at org.springframework.boot.SpringApplication.run(SpringApplication.java:1363)
	at org.springframework.boot.SpringApplication.run(SpringApplication.java:1352)
	at com.example.demo.DemoApplication.main(DemoApplication.java:12)
	at java.base/jdk.internal.reflect.NativeMethodAccessorImpl.invoke0(Native Method)
	at java.base/jdk.internal.reflect.NativeMethodAccessorImpl.invoke(NativeMethodAccessorImpl.java:77)
	at java.base/jdk.internal.reflect.DelegatingMethodAccessorImpl.invoke(DelegatingMethodAccessorImpl.java:43)
	at java.base/java.lang.reflect.Method.invoke(Method.java:568)
	at org.springframework.boot.devtools.restart.RestartLauncher.run(RestartLauncher.java:50)
Caused by: org.hibernate.service.spi.ServiceException: Unable to create requested service [org.hibernate.engine.jdbc.env.spi.JdbcEnvironment] due to: Unable to determine Dialect without JDBC metadata (please set 'jakarta.persistence.jdbc.url' for common cases or 'hibernate.dialect' when a custom Dialect implementation must be provided)
	at org.hibernate.service.internal.AbstractServiceRegistryImpl.createService(AbstractServiceRegistryImpl.java:276)
	at org.hibernate.service.internal.AbstractServiceRegistryImpl.initializeService(AbstractServiceRegistryImpl.java:238)
	at org.hibernate.service.internal.AbstractServiceRegistryImpl.getService(AbstractServiceRegistryImpl.java:215)
	at org.hibernate.boot.model.relational.Database.<init>(Database.java:45)
	at org.hibernate.boot.internal.InFlightMetadataCollectorImpl.getDatabase(InFlightMetadataCollectorImpl.java:221)
	at org.hibernate.boot.internal.InFlightMetadataCollectorImpl.<init>(InFlightMetadataCollectorImpl.java:189)
	at org.hibernate.boot.model.process.spi.MetadataBuildingProcess.complete(MetadataBuildingProcess.java:171)
	at org.hibernate.jpa.boot.internal.EntityManagerFactoryBuilderImpl.metadata(EntityManagerFactoryBuilderImpl.java:1431)
	at org.hibernate.jpa.boot.internal.EntityManagerFactoryBuilderImpl.build(EntityManagerFactoryBuilderImpl.java:1502)
	at org.springframework.orm.jpa.vendor.SpringHibernateJpaPersistenceProvider.createContainerEntityManagerFactory(SpringHibernateJpaPersistenceProvider.java:75)
	at org.springframework.orm.jpa.LocalContainerEntityManagerFactoryBean.createNativeEntityManagerFactory(LocalContainerEntityManagerFactoryBean.java:390)
	at org.springframework.orm.jpa.AbstractEntityManagerFactoryBean.buildNativeEntityManagerFactory(AbstractEntityManagerFactoryBean.java:409)
	at org.springframework.orm.jpa.AbstractEntityManagerFactoryBean.afterPropertiesSet(AbstractEntityManagerFactoryBean.java:396)
	at org.springframework.orm.jpa.LocalContainerEntityManagerFactoryBean.afterPropertiesSet(LocalContainerEntityManagerFactoryBean.java:366)
	at org.springframework.beans.factory.support.AbstractAutowireCapableBeanFactory.invokeInitMethods(AbstractAutowireCapableBeanFactory.java:1835)
	at org.springframework.beans.factory.support.AbstractAutowireCapableBeanFactory.initializeBean(AbstractAutowireCapableBeanFactory.java:1784)
	... 20 common frames omitted
Caused by: org.hibernate.HibernateException: Unable to determine Dialect without JDBC metadata (please set 'jakarta.persistence.jdbc.url' for common cases or 'hibernate.dialect' when a custom Dialect implementation must be provided)
	at org.hibernate.engine.jdbc.dialect.internal.DialectFactoryImpl.determineDialect(DialectFactoryImpl.java:191)
	at org.hibernate.engine.jdbc.dialect.internal.DialectFactoryImpl.buildDialect(DialectFactoryImpl.java:87)
	at org.hibernate.engine.jdbc.env.internal.JdbcEnvironmentInitiator.getJdbcEnvironmentWithDefaults(JdbcEnvironmentInitiator.java:152)
	at org.hibernate.engine.jdbc.env.internal.JdbcEnvironmentInitiator.getJdbcEnvironmentUsingJdbcMetadata(JdbcEnvironmentInitiator.java:362)
	at org.hibernate.engine.jdbc.env.internal.JdbcEnvironmentInitiator.initiateService(JdbcEnvironmentInitiator.java:123)
	at org.hibernate.engine.jdbc.env.internal.JdbcEnvironmentInitiator.initiateService(JdbcEnvironmentInitiator.java:77)
	at org.hibernate.boot.registry.internal.StandardServiceRegistryImpl.initiateService(StandardServiceRegistryImpl.java:130)
	at org.hibernate.service.internal.AbstractServiceRegistryImpl.createService(AbstractServiceRegistryImpl.java:263)
	... 35 common frames omitted
com.example.demo.DemoApplication-[INFO]- 2024-07-02 06:20:48,223-Starting DemoApplication using Java 17.0.11 with PID 2812 (C:\Users\DELL\Music\Demo_day1-main (1)\Demo_day1-main\06-Spring-Rest_Cart_products_One-to-many\target\classes started by DELL in C:\Users\DELL\Music\Demo_day1-main (1)\Demo_day1-main\06-Spring-Rest_Cart_products_One-to-many)-
com.example.demo.DemoApplication-[INFO]- 2024-07-02 06:20:48,228-No active profile set, falling back to 1 default profile: "default"-
org.springframework.boot.devtools.env.DevToolsPropertyDefaultsPostProcessor-[INFO]- 2024-07-02 06:20:48,306-Devtools property defaults active! Set 'spring.devtools.add-properties' to 'false' to disable-
org.springframework.boot.devtools.env.DevToolsPropertyDefaultsPostProcessor-[INFO]- 2024-07-02 06:20:48,306-For additional web related logging consider setting the 'logging.level.web' property to 'DEBUG'-
org.springframework.data.repository.config.RepositoryConfigurationDelegate-[INFO]- 2024-07-02 06:20:49,341-Bootstrapping Spring Data JPA repositories in DEFAULT mode.-
org.springframework.data.repository.config.RepositoryConfigurationDelegate-[INFO]- 2024-07-02 06:20:49,423-Finished Spring Data repository scanning in 69 ms. Found 2 JPA repository interfaces.-
org.springframework.boot.web.embedded.tomcat.TomcatWebServer-[INFO]- 2024-07-02 06:20:50,089-Tomcat initialized with port 9196 (http)-
org.apache.catalina.core.StandardService-[INFO]- 2024-07-02 06:20:50,106-Starting service [Tomcat]-
org.apache.catalina.core.StandardEngine-[INFO]- 2024-07-02 06:20:50,106-Starting Servlet engine: [Apache Tomcat/10.1.24]-
org.apache.catalina.core.ContainerBase.[Tomcat].[localhost].[/]-[INFO]- 2024-07-02 06:20:50,208-Initializing Spring embedded WebApplicationContext-
org.springframework.boot.web.servlet.context.ServletWebServerApplicationContext-[INFO]- 2024-07-02 06:20:50,209-Root WebApplicationContext: initialization completed in 1901 ms-
org.hibernate.jpa.internal.util.LogHelper-[INFO]- 2024-07-02 06:20:50,427-HHH000204: Processing PersistenceUnitInfo [name: default]-
org.hibernate.Version-[INFO]- 2024-07-02 06:20:50,533-HHH000412: Hibernate ORM core version 6.5.2.Final-
org.hibernate.cache.internal.RegionFactoryInitiator-[INFO]- 2024-07-02 06:20:50,595-HHH000026: Second-level cache disabled-
org.springframework.orm.jpa.persistenceunit.SpringPersistenceUnitInfo-[INFO]- 2024-07-02 06:20:51,010-No LoadTimeWeaver setup: ignoring JPA class transformer-
com.zaxxer.hikari.HikariDataSource-[INFO]- 2024-07-02 06:20:51,057-HikariPool-1 - Starting...-
com.zaxxer.hikari.pool.HikariPool-[INFO]- 2024-07-02 06:20:51,514-HikariPool-1 - Added connection com.mysql.cj.jdbc.ConnectionImpl@4737d83-
com.zaxxer.hikari.HikariDataSource-[INFO]- 2024-07-02 06:20:51,517-HikariPool-1 - Start completed.-
org.hibernate.engine.transaction.jta.platform.internal.JtaPlatformInitiator-[INFO]- 2024-07-02 06:20:52,885-HHH000489: No JTA platform available (set 'hibernate.transaction.jta.platform' to enable JTA platform integration)-
org.springframework.orm.jpa.LocalContainerEntityManagerFactoryBean-[INFO]- 2024-07-02 06:20:53,248-Initialized JPA EntityManagerFactory for persistence unit 'default'-
org.springframework.data.jpa.repository.query.QueryEnhancerFactory-[INFO]- 2024-07-02 06:20:53,633-Hibernate is in classpath; If applicable, HQL parser will be used.-
org.springframework.boot.autoconfigure.orm.jpa.JpaBaseConfiguration$JpaWebConfiguration-[WARN]- 2024-07-02 06:20:53,882-spring.jpa.open-in-view is enabled by default. Therefore, database queries may be performed during view rendering. Explicitly configure spring.jpa.open-in-view to disable this warning-
org.springframework.boot.devtools.autoconfigure.OptionalLiveReloadServer-[WARN]- 2024-07-02 06:20:55,067-Unable to start LiveReload server-
org.springframework.boot.web.embedded.tomcat.TomcatWebServer-[INFO]- 2024-07-02 06:20:55,128-Tomcat started on port 9196 (http) with context path '/'-
com.example.demo.DemoApplication-[INFO]- 2024-07-02 06:20:55,145-Started DemoApplication in 7.479 seconds (process running for 8.528)-
org.apache.catalina.core.ContainerBase.[Tomcat].[localhost].[/]-[INFO]- 2024-07-02 06:21:15,152-Initializing Spring DispatcherServlet 'dispatcherServlet'-
org.springframework.web.servlet.DispatcherServlet-[INFO]- 2024-07-02 06:21:15,153-Initializing Servlet 'dispatcherServlet'-
org.springframework.web.servlet.DispatcherServlet-[INFO]- 2024-07-02 06:21:15,155-Completed initialization in 2 ms-
org.springframework.web.servlet.mvc.method.annotation.ExceptionHandlerExceptionResolver-[WARN]- 2024-07-02 06:21:15,738-Resolved [org.springframework.web.servlet.resource.NoResourceFoundException: No static resource favicon.ico.]-
org.springframework.web.servlet.mvc.method.annotation.ExceptionHandlerExceptionResolver-[WARN]- 2024-07-02 06:21:38,211-Resolved [com.example.demo.exception.ResourceNotFoundException: Cart not found :: 1]-
org.springframework.web.servlet.mvc.method.annotation.ExceptionHandlerExceptionResolver-[WARN]- 2024-07-02 06:21:38,276-Resolved [org.springframework.web.servlet.resource.NoResourceFoundException: No static resource favicon.ico.]-
org.springframework.web.servlet.mvc.method.annotation.ExceptionHandlerExceptionResolver-[WARN]- 2024-07-02 06:22:00,219-Resolved [com.example.demo.exception.ResourceNotFoundException: Cart not found :: 3]-
org.springframework.web.servlet.mvc.method.annotation.ExceptionHandlerExceptionResolver-[WARN]- 2024-07-02 06:22:00,284-Resolved [org.springframework.web.servlet.resource.NoResourceFoundException: No static resource favicon.ico.]-
org.springframework.web.servlet.mvc.method.annotation.ExceptionHandlerExceptionResolver-[WARN]- 2024-07-02 06:22:44,498-Resolved [org.springframework.web.servlet.resource.NoResourceFoundException: No static resource favicon.ico.]-
org.springframework.web.servlet.mvc.method.annotation.ExceptionHandlerExceptionResolver-[WARN]- 2024-07-02 06:23:19,154-Resolved [org.springframework.web.servlet.resource.NoResourceFoundException: No static resource api/pushdemo.]-
org.springframework.web.servlet.mvc.method.annotation.ExceptionHandlerExceptionResolver-[WARN]- 2024-07-02 06:23:19,226-Resolved [org.springframework.web.servlet.resource.NoResourceFoundException: No static resource favicon.ico.]-
com.zaxxer.hikari.pool.HikariPool-[WARN]- 2024-07-02 06:25:47,596-HikariPool-1 - Thread starvation or clock leap detected (housekeeper delta=2m2s399ms82µs700ns).-
org.springframework.boot.devtools.autoconfigure.LocalDevToolsAutoConfiguration$RestartingClassPathChangeChangedEventListener-[INFO]- 2024-07-02 06:40:34,203-Restarting due to 1 class path change (0 additions, 0 deletions, 1 modification)-
org.springframework.orm.jpa.LocalContainerEntityManagerFactoryBean-[INFO]- 2024-07-02 06:40:34,252-Closing JPA EntityManagerFactory for persistence unit 'default'-
com.zaxxer.hikari.HikariDataSource-[INFO]- 2024-07-02 06:40:34,260-HikariPool-1 - Shutdown initiated...-
com.zaxxer.hikari.HikariDataSource-[INFO]- 2024-07-02 06:40:34,275-HikariPool-1 - Shutdown completed.-
com.example.demo.DemoApplication-[INFO]- 2024-07-02 06:40:34,435-Starting DemoApplication using Java 17.0.11 with PID 2812 (C:\Users\DELL\Music\Demo_day1-main (1)\Demo_day1-main\06-Spring-Rest_Cart_products_One-to-many\target\classes started by DELL in C:\Users\DELL\Music\Demo_day1-main (1)\Demo_day1-main\06-Spring-Rest_Cart_products_One-to-many)-
com.example.demo.DemoApplication-[INFO]- 2024-07-02 06:40:34,435-No active profile set, falling back to 1 default profile: "default"-
org.springframework.data.repository.config.RepositoryConfigurationDelegate-[INFO]- 2024-07-02 06:40:34,787-Bootstrapping Spring Data JPA repositories in DEFAULT mode.-
org.springframework.data.repository.config.RepositoryConfigurationDelegate-[INFO]- 2024-07-02 06:40:34,801-Finished Spring Data repository scanning in 13 ms. Found 2 JPA repository interfaces.-
org.springframework.boot.web.embedded.tomcat.TomcatWebServer-[INFO]- 2024-07-02 06:40:34,956-Tomcat initialized with port 9196 (http)-
org.apache.catalina.core.StandardService-[INFO]- 2024-07-02 06:40:34,958-Starting service [Tomcat]-
org.apache.catalina.core.StandardEngine-[INFO]- 2024-07-02 06:40:34,958-Starting Servlet engine: [Apache Tomcat/10.1.24]-
org.apache.catalina.core.ContainerBase.[Tomcat].[localhost].[/]-[INFO]- 2024-07-02 06:40:34,986-Initializing Spring embedded WebApplicationContext-
org.springframework.boot.web.servlet.context.ServletWebServerApplicationContext-[INFO]- 2024-07-02 06:40:34,987-Root WebApplicationContext: initialization completed in 548 ms-
org.hibernate.jpa.internal.util.LogHelper-[INFO]- 2024-07-02 06:40:35,040-HHH000204: Processing PersistenceUnitInfo [name: default]-
org.hibernate.cache.internal.RegionFactoryInitiator-[INFO]- 2024-07-02 06:40:35,046-HHH000026: Second-level cache disabled-
org.springframework.orm.jpa.persistenceunit.SpringPersistenceUnitInfo-[INFO]- 2024-07-02 06:40:35,072-No LoadTimeWeaver setup: ignoring JPA class transformer-
com.zaxxer.hikari.HikariDataSource-[INFO]- 2024-07-02 06:40:35,074-HikariPool-2 - Starting...-
com.zaxxer.hikari.pool.HikariPool-[INFO]- 2024-07-02 06:40:35,097-HikariPool-2 - Added connection com.mysql.cj.jdbc.ConnectionImpl@7814af3d-
com.zaxxer.hikari.HikariDataSource-[INFO]- 2024-07-02 06:40:35,098-HikariPool-2 - Start completed.-
org.hibernate.engine.transaction.jta.platform.internal.JtaPlatformInitiator-[INFO]- 2024-07-02 06:40:35,189-HHH000489: No JTA platform available (set 'hibernate.transaction.jta.platform' to enable JTA platform integration)-
org.springframework.orm.jpa.LocalContainerEntityManagerFactoryBean-[INFO]- 2024-07-02 06:40:35,388-Initialized JPA EntityManagerFactory for persistence unit 'default'-
org.springframework.boot.autoconfigure.orm.jpa.JpaBaseConfiguration$JpaWebConfiguration-[WARN]- 2024-07-02 06:40:35,558-spring.jpa.open-in-view is enabled by default. Therefore, database queries may be performed during view rendering. Explicitly configure spring.jpa.open-in-view to disable this warning-
org.springframework.boot.devtools.autoconfigure.OptionalLiveReloadServer-[WARN]- 2024-07-02 06:40:36,180-Unable to start LiveReload server-
org.springframework.boot.web.embedded.tomcat.TomcatWebServer-[INFO]- 2024-07-02 06:40:36,203-Tomcat started on port 9196 (http) with context path '/'-
com.example.demo.DemoApplication-[INFO]- 2024-07-02 06:40:36,218-Started DemoApplication in 1.835 seconds (process running for 1196.074)-
org.springframework.boot.devtools.autoconfigure.ConditionEvaluationDeltaLoggingListener-[INFO]- 2024-07-02 06:40:36,223-Condition evaluation unchanged-
org.apache.catalina.core.ContainerBase.[Tomcat].[localhost].[/]-[INFO]- 2024-07-02 06:43:46,572-Initializing Spring DispatcherServlet 'dispatcherServlet'-
org.springframework.web.servlet.DispatcherServlet-[INFO]- 2024-07-02 06:43:46,573-Initializing Servlet 'dispatcherServlet'-
org.springframework.web.servlet.DispatcherServlet-[INFO]- 2024-07-02 06:43:46,575-Completed initialization in 2 ms-
org.springframework.web.servlet.mvc.method.annotation.ExceptionHandlerExceptionResolver-[WARN]- 2024-07-02 06:51:15,315-Resolved [org.springframework.web.servlet.resource.NoResourceFoundException: No static resource api/carts.]-
org.springframework.web.servlet.mvc.method.annotation.ExceptionHandlerExceptionResolver-[WARN]- 2024-07-02 06:52:03,464-Resolved [com.example.demo.exception.ResourceNotFoundException: Cart not found :: 1]-
org.springframework.web.servlet.mvc.method.annotation.ExceptionHandlerExceptionResolver-[WARN]- 2024-07-02 06:52:25,262-Resolved [com.example.demo.exception.ResourceNotFoundException: Cart not found :: 1]-
org.springframework.web.servlet.mvc.method.annotation.ExceptionHandlerExceptionResolver-[WARN]- 2024-07-02 06:53:03,695-Resolved [org.springframework.http.converter.HttpMessageNotReadableException: Required request body is missing: public com.example.demo.entity.Cart com.example.demo.conroller.CartController.createCart(com.example.demo.entity.Cart)]-
org.springframework.web.servlet.mvc.method.annotation.ExceptionHandlerExceptionResolver-[WARN]- 2024-07-02 06:54:50,739-Resolved [org.springframework.http.converter.HttpMessageNotReadableException: Required request body is missing: public com.example.demo.entity.Cart com.example.demo.conroller.CartController.createCart(com.example.demo.entity.Cart)]-
com.example.demo.DemoApplication-[INFO]- 2024-07-02 06:55:53,567-Starting DemoApplication using Java 17.0.11 with PID 2392 (C:\Users\DELL\Music\Demo_day1-main (1)\Demo_day1-main\06-Spring-Rest_Cart_products_One-to-many\target\classes started by DELL in C:\Users\DELL\Music\Demo_day1-main (1)\Demo_day1-main\06-Spring-Rest_Cart_products_One-to-many)-
com.example.demo.DemoApplication-[INFO]- 2024-07-02 06:55:53,572-No active profile set, falling back to 1 default profile: "default"-
org.springframework.boot.devtools.env.DevToolsPropertyDefaultsPostProcessor-[INFO]- 2024-07-02 06:55:53,663-Devtools property defaults active! Set 'spring.devtools.add-properties' to 'false' to disable-
org.springframework.boot.devtools.env.DevToolsPropertyDefaultsPostProcessor-[INFO]- 2024-07-02 06:55:53,664-For additional web related logging consider setting the 'logging.level.web' property to 'DEBUG'-
org.springframework.data.repository.config.RepositoryConfigurationDelegate-[INFO]- 2024-07-02 06:55:54,800-Bootstrapping Spring Data JPA repositories in DEFAULT mode.-
org.springframework.data.repository.config.RepositoryConfigurationDelegate-[INFO]- 2024-07-02 06:55:54,904-Finished Spring Data repository scanning in 87 ms. Found 2 JPA repository interfaces.-
org.springframework.boot.web.embedded.tomcat.TomcatWebServer-[INFO]- 2024-07-02 06:55:55,631-Tomcat initialized with port 9196 (http)-
org.apache.catalina.core.StandardService-[INFO]- 2024-07-02 06:55:55,650-Starting service [Tomcat]-
org.apache.catalina.core.StandardEngine-[INFO]- 2024-07-02 06:55:55,650-Starting Servlet engine: [Apache Tomcat/10.1.24]-
org.apache.catalina.core.ContainerBase.[Tomcat].[localhost].[/]-[INFO]- 2024-07-02 06:55:55,746-Initializing Spring embedded WebApplicationContext-
org.springframework.boot.web.servlet.context.ServletWebServerApplicationContext-[INFO]- 2024-07-02 06:55:55,747-Root WebApplicationContext: initialization completed in 2081 ms-
org.hibernate.jpa.internal.util.LogHelper-[INFO]- 2024-07-02 06:55:55,980-HHH000204: Processing PersistenceUnitInfo [name: default]-
org.hibernate.Version-[INFO]- 2024-07-02 06:55:56,110-HHH000412: Hibernate ORM core version 6.5.2.Final-
org.hibernate.cache.internal.RegionFactoryInitiator-[INFO]- 2024-07-02 06:55:56,180-HHH000026: Second-level cache disabled-
org.springframework.orm.jpa.persistenceunit.SpringPersistenceUnitInfo-[INFO]- 2024-07-02 06:55:56,678-No LoadTimeWeaver setup: ignoring JPA class transformer-
com.zaxxer.hikari.HikariDataSource-[INFO]- 2024-07-02 06:55:56,730-HikariPool-1 - Starting...-
com.zaxxer.hikari.pool.HikariPool-[INFO]- 2024-07-02 06:55:57,111-HikariPool-1 - Added connection com.mysql.cj.jdbc.ConnectionImpl@7d8177e0-
com.zaxxer.hikari.HikariDataSource-[INFO]- 2024-07-02 06:55:57,115-HikariPool-1 - Start completed.-
org.hibernate.engine.transaction.jta.platform.internal.JtaPlatformInitiator-[INFO]- 2024-07-02 06:55:58,735-HHH000489: No JTA platform available (set 'hibernate.transaction.jta.platform' to enable JTA platform integration)-
org.springframework.orm.jpa.LocalContainerEntityManagerFactoryBean-[INFO]- 2024-07-02 06:55:58,831-Initialized JPA EntityManagerFactory for persistence unit 'default'-
org.springframework.data.jpa.repository.query.QueryEnhancerFactory-[INFO]- 2024-07-02 06:55:59,156-Hibernate is in classpath; If applicable, HQL parser will be used.-
org.springframework.boot.autoconfigure.orm.jpa.JpaBaseConfiguration$JpaWebConfiguration-[WARN]- 2024-07-02 06:55:59,405-spring.jpa.open-in-view is enabled by default. Therefore, database queries may be performed during view rendering. Explicitly configure spring.jpa.open-in-view to disable this warning-
org.springframework.boot.devtools.autoconfigure.OptionalLiveReloadServer-[WARN]- 2024-07-02 06:56:00,522-Unable to start LiveReload server-
org.springframework.boot.web.servlet.context.AnnotationConfigServletWebServerApplicationContext-[WARN]- 2024-07-02 06:56:00,562-Exception encountered during context initialization - cancelling refresh attempt: org.springframework.context.ApplicationContextException: Failed to start bean 'webServerStartStop'-
org.springframework.orm.jpa.LocalContainerEntityManagerFactoryBean-[INFO]- 2024-07-02 06:56:00,564-Closing JPA EntityManagerFactory for persistence unit 'default'-
com.zaxxer.hikari.HikariDataSource-[INFO]- 2024-07-02 06:56:00,568-HikariPool-1 - Shutdown initiated...-
com.zaxxer.hikari.HikariDataSource-[INFO]- 2024-07-02 06:56:00,581-HikariPool-1 - Shutdown completed.-
org.springframework.boot.autoconfigure.logging.ConditionEvaluationReportLogger-[INFO]- 2024-07-02 06:56:00,602-

Error starting ApplicationContext. To display the condition evaluation report re-run your application with 'debug' enabled.-
org.springframework.boot.diagnostics.LoggingFailureAnalysisReporter-[ERROR]- 2024-07-02 06:56:00,635-

***************************
APPLICATION FAILED TO START
***************************

Description:

Web server failed to start. Port 9196 was already in use.

Action:

Identify and stop the process that's listening on port 9196 or configure this application to listen on another port.
-
org.springframework.boot.devtools.autoconfigure.LocalDevToolsAutoConfiguration$RestartingClassPathChangeChangedEventListener-[INFO]- 2024-07-02 06:57:01,026-Restarting due to 1 class path change (0 additions, 0 deletions, 1 modification)-
org.springframework.orm.jpa.LocalContainerEntityManagerFactoryBean-[INFO]- 2024-07-02 06:57:01,040-Closing JPA EntityManagerFactory for persistence unit 'default'-
com.zaxxer.hikari.HikariDataSource-[INFO]- 2024-07-02 06:57:01,041-HikariPool-2 - Shutdown initiated...-
com.zaxxer.hikari.HikariDataSource-[INFO]- 2024-07-02 06:57:01,054-HikariPool-2 - Shutdown completed.-
com.example.demo.DemoApplication-[INFO]- 2024-07-02 06:57:01,198-Starting DemoApplication using Java 17.0.11 with PID 2812 (C:\Users\DELL\Music\Demo_day1-main (1)\Demo_day1-main\06-Spring-Rest_Cart_products_One-to-many\target\classes started by DELL in C:\Users\DELL\Music\Demo_day1-main (1)\Demo_day1-main\06-Spring-Rest_Cart_products_One-to-many)-
com.example.demo.DemoApplication-[INFO]- 2024-07-02 06:57:01,199-No active profile set, falling back to 1 default profile: "default"-
org.springframework.data.repository.config.RepositoryConfigurationDelegate-[INFO]- 2024-07-02 06:57:01,576-Bootstrapping Spring Data JPA repositories in DEFAULT mode.-
org.springframework.data.repository.config.RepositoryConfigurationDelegate-[INFO]- 2024-07-02 06:57:01,591-Finished Spring Data repository scanning in 14 ms. Found 2 JPA repository interfaces.-
org.springframework.boot.web.embedded.tomcat.TomcatWebServer-[INFO]- 2024-07-02 06:57:01,783-Tomcat initialized with port 9197 (http)-
org.apache.catalina.core.StandardService-[INFO]- 2024-07-02 06:57:01,783-Starting service [Tomcat]-
org.apache.catalina.core.StandardEngine-[INFO]- 2024-07-02 06:57:01,784-Starting Servlet engine: [Apache Tomcat/10.1.24]-
org.apache.catalina.core.ContainerBase.[Tomcat].[localhost].[/]-[INFO]- 2024-07-02 06:57:01,809-Initializing Spring embedded WebApplicationContext-
org.springframework.boot.web.servlet.context.ServletWebServerApplicationContext-[INFO]- 2024-07-02 06:57:01,809-Root WebApplicationContext: initialization completed in 604 ms-
org.hibernate.jpa.internal.util.LogHelper-[INFO]- 2024-07-02 06:57:01,874-HHH000204: Processing PersistenceUnitInfo [name: default]-
org.hibernate.cache.internal.RegionFactoryInitiator-[INFO]- 2024-07-02 06:57:01,880-HHH000026: Second-level cache disabled-
org.springframework.orm.jpa.persistenceunit.SpringPersistenceUnitInfo-[INFO]- 2024-07-02 06:57:01,896-No LoadTimeWeaver setup: ignoring JPA class transformer-
com.zaxxer.hikari.HikariDataSource-[INFO]- 2024-07-02 06:57:01,900-HikariPool-3 - Starting...-
com.zaxxer.hikari.pool.HikariPool-[INFO]- 2024-07-02 06:57:01,918-HikariPool-3 - Added connection com.mysql.cj.jdbc.ConnectionImpl@10af7dc8-
com.zaxxer.hikari.HikariDataSource-[INFO]- 2024-07-02 06:57:01,918-HikariPool-3 - Start completed.-
org.hibernate.engine.transaction.jta.platform.internal.JtaPlatformInitiator-[INFO]- 2024-07-02 06:57:01,996-HHH000489: No JTA platform available (set 'hibernate.transaction.jta.platform' to enable JTA platform integration)-
org.springframework.orm.jpa.LocalContainerEntityManagerFactoryBean-[INFO]- 2024-07-02 06:57:02,033-Initialized JPA EntityManagerFactory for persistence unit 'default'-
org.springframework.boot.autoconfigure.orm.jpa.JpaBaseConfiguration$JpaWebConfiguration-[WARN]- 2024-07-02 06:57:02,174-spring.jpa.open-in-view is enabled by default. Therefore, database queries may be performed during view rendering. Explicitly configure spring.jpa.open-in-view to disable this warning-
com.example.demo.DemoApplication-[INFO]- 2024-07-02 06:57:02,813-Starting DemoApplication using Java 17.0.11 with PID 10344 (C:\Users\DELL\Music\Demo_day1-main (1)\Demo_day1-main\06-Spring-Rest_Cart_products_One-to-many\target\classes started by DELL in C:\Users\DELL\Music\Demo_day1-main (1)\Demo_day1-main\06-Spring-Rest_Cart_products_One-to-many)-
com.example.demo.DemoApplication-[INFO]- 2024-07-02 06:57:02,818-No active profile set, falling back to 1 default profile: "default"-
org.springframework.boot.devtools.env.DevToolsPropertyDefaultsPostProcessor-[INFO]- 2024-07-02 06:57:02,920-Devtools property defaults active! Set 'spring.devtools.add-properties' to 'false' to disable-
org.springframework.boot.devtools.env.DevToolsPropertyDefaultsPostProcessor-[INFO]- 2024-07-02 06:57:02,921-For additional web related logging consider setting the 'logging.level.web' property to 'DEBUG'-
org.springframework.boot.devtools.autoconfigure.OptionalLiveReloadServer-[WARN]- 2024-07-02 06:57:03,051-Unable to start LiveReload server-
org.springframework.boot.web.embedded.tomcat.TomcatWebServer-[INFO]- 2024-07-02 06:57:03,096-Tomcat started on port 9197 (http) with context path '/'-
com.example.demo.DemoApplication-[INFO]- 2024-07-02 06:57:03,121-Started DemoApplication in 1.991 seconds (process running for 2182.976)-
org.springframework.boot.devtools.autoconfigure.ConditionEvaluationDeltaLoggingListener-[INFO]- 2024-07-02 06:57:03,128-Condition evaluation unchanged-
org.springframework.data.repository.config.RepositoryConfigurationDelegate-[INFO]- 2024-07-02 06:57:04,292-Bootstrapping Spring Data JPA repositories in DEFAULT mode.-
org.springframework.data.repository.config.RepositoryConfigurationDelegate-[INFO]- 2024-07-02 06:57:04,371-Finished Spring Data repository scanning in 67 ms. Found 2 JPA repository interfaces.-
org.springframework.boot.web.embedded.tomcat.TomcatWebServer-[INFO]- 2024-07-02 06:57:05,086-Tomcat initialized with port 9197 (http)-
org.apache.catalina.core.StandardService-[INFO]- 2024-07-02 06:57:05,107-Starting service [Tomcat]-
org.apache.catalina.core.StandardEngine-[INFO]- 2024-07-02 06:57:05,108-Starting Servlet engine: [Apache Tomcat/10.1.24]-
org.apache.catalina.core.ContainerBase.[Tomcat].[localhost].[/]-[INFO]- 2024-07-02 06:57:05,210-Initializing Spring embedded WebApplicationContext-
org.springframework.boot.web.servlet.context.ServletWebServerApplicationContext-[INFO]- 2024-07-02 06:57:05,211-Root WebApplicationContext: initialization completed in 2289 ms-
org.hibernate.jpa.internal.util.LogHelper-[INFO]- 2024-07-02 06:57:05,476-HHH000204: Processing PersistenceUnitInfo [name: default]-
org.hibernate.Version-[INFO]- 2024-07-02 06:57:05,580-HHH000412: Hibernate ORM core version 6.5.2.Final-
org.hibernate.cache.internal.RegionFactoryInitiator-[INFO]- 2024-07-02 06:57:05,655-HHH000026: Second-level cache disabled-
org.springframework.orm.jpa.persistenceunit.SpringPersistenceUnitInfo-[INFO]- 2024-07-02 06:57:06,131-No LoadTimeWeaver setup: ignoring JPA class transformer-
com.zaxxer.hikari.HikariDataSource-[INFO]- 2024-07-02 06:57:06,177-HikariPool-1 - Starting...-
com.zaxxer.hikari.pool.HikariPool-[INFO]- 2024-07-02 06:57:06,562-HikariPool-1 - Added connection com.mysql.cj.jdbc.ConnectionImpl@74ec9c74-
com.zaxxer.hikari.HikariDataSource-[INFO]- 2024-07-02 06:57:06,565-HikariPool-1 - Start completed.-
org.hibernate.engine.transaction.jta.platform.internal.JtaPlatformInitiator-[INFO]- 2024-07-02 06:57:07,909-HHH000489: No JTA platform available (set 'hibernate.transaction.jta.platform' to enable JTA platform integration)-
org.springframework.orm.jpa.LocalContainerEntityManagerFactoryBean-[INFO]- 2024-07-02 06:57:08,000-Initialized JPA EntityManagerFactory for persistence unit 'default'-
org.springframework.data.jpa.repository.query.QueryEnhancerFactory-[INFO]- 2024-07-02 06:57:08,311-Hibernate is in classpath; If applicable, HQL parser will be used.-
org.springframework.boot.autoconfigure.orm.jpa.JpaBaseConfiguration$JpaWebConfiguration-[WARN]- 2024-07-02 06:57:08,553-spring.jpa.open-in-view is enabled by default. Therefore, database queries may be performed during view rendering. Explicitly configure spring.jpa.open-in-view to disable this warning-
org.springframework.boot.devtools.autoconfigure.OptionalLiveReloadServer-[WARN]- 2024-07-02 06:57:09,636-Unable to start LiveReload server-
org.springframework.boot.web.servlet.context.AnnotationConfigServletWebServerApplicationContext-[WARN]- 2024-07-02 06:57:09,676-Exception encountered during context initialization - cancelling refresh attempt: org.springframework.context.ApplicationContextException: Failed to start bean 'webServerStartStop'-
org.springframework.orm.jpa.LocalContainerEntityManagerFactoryBean-[INFO]- 2024-07-02 06:57:09,678-Closing JPA EntityManagerFactory for persistence unit 'default'-
com.zaxxer.hikari.HikariDataSource-[INFO]- 2024-07-02 06:57:09,683-HikariPool-1 - Shutdown initiated...-
com.zaxxer.hikari.HikariDataSource-[INFO]- 2024-07-02 06:57:09,695-HikariPool-1 - Shutdown completed.-
org.springframework.boot.autoconfigure.logging.ConditionEvaluationReportLogger-[INFO]- 2024-07-02 06:57:09,723-

Error starting ApplicationContext. To display the condition evaluation report re-run your application with 'debug' enabled.-
org.springframework.boot.diagnostics.LoggingFailureAnalysisReporter-[ERROR]- 2024-07-02 06:57:09,756-

***************************
APPLICATION FAILED TO START
***************************

Description:

Web server failed to start. Port 9197 was already in use.

Action:

Identify and stop the process that's listening on port 9197 or configure this application to listen on another port.
-
org.springframework.boot.admin.SpringApplicationAdminMXBeanRegistrar$SpringApplicationAdmin-[INFO]- 2024-07-02 06:57:23,461-Application shutdown requested.-
org.springframework.orm.jpa.LocalContainerEntityManagerFactoryBean-[INFO]- 2024-07-02 06:57:23,479-Closing JPA EntityManagerFactory for persistence unit 'default'-
com.zaxxer.hikari.HikariDataSource-[INFO]- 2024-07-02 06:57:23,480-HikariPool-3 - Shutdown initiated...-
com.zaxxer.hikari.HikariDataSource-[INFO]- 2024-07-02 06:57:23,488-HikariPool-3 - Shutdown completed.-
com.example.demo.DemoApplication-[INFO]- 2024-07-02 07:01:00,769-Starting DemoApplication using Java 17.0.11 with PID 9468 (C:\Users\DELL\Music\Demo_day1-main (1)\Demo_day1-main\06-Spring-Rest_Cart_products_One-to-many\target\classes started by DELL in C:\Users\DELL\Music\Demo_day1-main (1)\Demo_day1-main\06-Spring-Rest_Cart_products_One-to-many)-
com.example.demo.DemoApplication-[INFO]- 2024-07-02 07:01:00,773-No active profile set, falling back to 1 default profile: "default"-
org.springframework.boot.devtools.env.DevToolsPropertyDefaultsPostProcessor-[INFO]- 2024-07-02 07:01:00,856-Devtools property defaults active! Set 'spring.devtools.add-properties' to 'false' to disable-
org.springframework.boot.devtools.env.DevToolsPropertyDefaultsPostProcessor-[INFO]- 2024-07-02 07:01:00,857-For additional web related logging consider setting the 'logging.level.web' property to 'DEBUG'-
org.springframework.data.repository.config.RepositoryConfigurationDelegate-[INFO]- 2024-07-02 07:01:01,916-Bootstrapping Spring Data JPA repositories in DEFAULT mode.-
org.springframework.data.repository.config.RepositoryConfigurationDelegate-[INFO]- 2024-07-02 07:01:01,998-Finished Spring Data repository scanning in 70 ms. Found 2 JPA repository interfaces.-
org.springframework.boot.web.embedded.tomcat.TomcatWebServer-[INFO]- 2024-07-02 07:01:02,866-Tomcat initialized with port 9197 (http)-
org.apache.catalina.core.StandardService-[INFO]- 2024-07-02 07:01:02,896-Starting service [Tomcat]-
org.apache.catalina.core.StandardEngine-[INFO]- 2024-07-02 07:01:02,898-Starting Servlet engine: [Apache Tomcat/10.1.24]-
org.apache.catalina.core.ContainerBase.[Tomcat].[localhost].[/]-[INFO]- 2024-07-02 07:01:03,055-Initializing Spring embedded WebApplicationContext-
org.springframework.boot.web.servlet.context.ServletWebServerApplicationContext-[INFO]- 2024-07-02 07:01:03,056-Root WebApplicationContext: initialization completed in 2198 ms-
org.hibernate.jpa.internal.util.LogHelper-[INFO]- 2024-07-02 07:01:03,283-HHH000204: Processing PersistenceUnitInfo [name: default]-
org.hibernate.Version-[INFO]- 2024-07-02 07:01:03,370-HHH000412: Hibernate ORM core version 6.5.2.Final-
org.hibernate.cache.internal.RegionFactoryInitiator-[INFO]- 2024-07-02 07:01:03,432-HHH000026: Second-level cache disabled-
org.springframework.orm.jpa.persistenceunit.SpringPersistenceUnitInfo-[INFO]- 2024-07-02 07:01:03,942-No LoadTimeWeaver setup: ignoring JPA class transformer-
com.zaxxer.hikari.HikariDataSource-[INFO]- 2024-07-02 07:01:03,986-HikariPool-1 - Starting...-
com.zaxxer.hikari.pool.HikariPool-[INFO]- 2024-07-02 07:01:04,401-HikariPool-1 - Added connection com.mysql.cj.jdbc.ConnectionImpl@5f14dd0d-
com.zaxxer.hikari.HikariDataSource-[INFO]- 2024-07-02 07:01:04,405-HikariPool-1 - Start completed.-
org.hibernate.engine.transaction.jta.platform.internal.JtaPlatformInitiator-[INFO]- 2024-07-02 07:01:05,821-HHH000489: No JTA platform available (set 'hibernate.transaction.jta.platform' to enable JTA platform integration)-
org.springframework.orm.jpa.LocalContainerEntityManagerFactoryBean-[INFO]- 2024-07-02 07:01:05,984-Initialized JPA EntityManagerFactory for persistence unit 'default'-
org.springframework.data.jpa.repository.query.QueryEnhancerFactory-[INFO]- 2024-07-02 07:01:06,898-Hibernate is in classpath; If applicable, HQL parser will be used.-
org.springframework.boot.autoconfigure.orm.jpa.JpaBaseConfiguration$JpaWebConfiguration-[WARN]- 2024-07-02 07:01:07,194-spring.jpa.open-in-view is enabled by default. Therefore, database queries may be performed during view rendering. Explicitly configure spring.jpa.open-in-view to disable this warning-
org.springframework.boot.devtools.autoconfigure.OptionalLiveReloadServer-[INFO]- 2024-07-02 07:01:08,432-LiveReload server is running on port 35729-
org.springframework.boot.web.embedded.tomcat.TomcatWebServer-[INFO]- 2024-07-02 07:01:08,489-Tomcat started on port 9197 (http) with context path '/'-
com.example.demo.DemoApplication-[INFO]- 2024-07-02 07:01:08,509-Started DemoApplication in 8.322 seconds (process running for 9.664)-
com.zaxxer.hikari.pool.HikariPool-[WARN]- 2024-07-02 07:42:46,053-HikariPool-1 - Thread starvation or clock leap detected (housekeeper delta=19m11s213ms970µs600ns).-
com.zaxxer.hikari.pool.HikariPool-[WARN]- 2024-07-02 08:24:53,464-HikariPool-1 - Thread starvation or clock leap detected (housekeeper delta=25m37s145ms179µs800ns).-
org.springframework.boot.admin.SpringApplicationAdminMXBeanRegistrar$SpringApplicationAdmin-[INFO]- 2024-07-02 08:25:16,913-Application shutdown requested.-
org.springframework.orm.jpa.LocalContainerEntityManagerFactoryBean-[INFO]- 2024-07-02 08:25:16,942-Closing JPA EntityManagerFactory for persistence unit 'default'-
com.zaxxer.hikari.HikariDataSource-[INFO]- 2024-07-02 08:25:16,950-HikariPool-1 - Shutdown initiated...-
com.zaxxer.hikari.HikariDataSource-[INFO]- 2024-07-02 08:25:16,962-HikariPool-1 - Shutdown completed.-
